<?xml version="1.0" encoding="UTF-8"?>
<!-- Generated by org.testng.reporters.JUnitReportReporter -->
<testsuite hostname="BA-000487693" failures="0" tests="1" name="cucumber.CucumberRunner" time="5.257" errors="0" timestamp="2024-11-19T01:21:02 IST" skipped="0">
  <testcase classname="cucumber.CucumberRunner" name="runScenario" time="5.257"/>
  <system-out/>
</testsuite> <!-- cucumber.CucumberRunner -->
