<?xml version="1.0" encoding="UTF-8"?>
<!-- Generated by org.testng.reporters.JUnitReportReporter -->
<testsuite hostname="BA-000487693" failures="0" tests="1" name="Framework.Sample" time="4.591" errors="0" timestamp="2024-11-19T01:17:26 IST" skipped="0">
  <testcase classname="Framework.Sample" name="simpletest" time="4.591"/>
  <system-out/>
</testsuite> <!-- Framework.Sample -->
